app/build/outputs/logs/manifest-merger-debug-report.txt
-- Merging decision tree log ---
manifest
ADDED from src\main\AndroidManifest.xml:22:1-148:12
INJECTED from src\main\AndroidManifest.xml:22:1-148:12
INJECTED from src\main\AndroidManifest.xml:22:1-148:12
	package
		ADDED from src\main\AndroidManifest.xml:24:5-42
		INJECTED from src\main\AndroidManifest.xml
		INJECTED from src\main\AndroidManifest.xml
	xmlns:tools
		ADDED from src\main\AndroidManifest.xml:23:5-51
	xmlns:android
		ADDED from src\main\AndroidManifest.xml:22:11-69
uses-sdk
ADDED from src\main\AndroidManifest.xml:26:5-44
INJECTED from src\main\AndroidManifest.xml:26:5-44
INJECTED from src\main\AndroidManifest.xml:26:5-44
INJECTED from src\main\AndroidManifest.xml:26:5-44
INJECTED from src\main\AndroidManifest.xml:26:5-44
	android:targetSdkVersion
		INJECTED from src\main\AndroidManifest.xml
		ADDED from src\main\AndroidManifest.xml:26:5-44
		INJECTED from src\main\AndroidManifest.xml
	android:minSdkVersion
		ADDED from src\main\AndroidManifest.xml:26:15-41
		INJECTED from src\main\AndroidManifest.xml
		INJECTED from src\main\AndroidManifest.xml
application
ADDED from src\main\AndroidManifest.xml:28:5-140:19
	android:label
		ADDED from src\main\AndroidManifest.xml:29:9-41
	android:icon
		ADDED from src\main\AndroidManifest.xml:28:18-52
provider#com.example.android.notepad.NotePadProvider
ADDED from src\main\AndroidManifest.xml:31:9-35:20
	android:authorities
		ADDED from src\main\AndroidManifest.xml:32:13-62
	android:exported
		ADDED from src\main\AndroidManifest.xml:33:13-37
	android:name
		ADDED from src\main\AndroidManifest.xml:31:19-49
grant-uri-permission
ADDED from src\main\AndroidManifest.xml:34:13-62
	android:pathPattern
		ADDED from src\main\AndroidManifest.xml:34:35-59
activity#com.example.android.notepad.NotesList
ADDED from src\main\AndroidManifest.xml:37:9-56:20
	android:label
		ADDED from src\main\AndroidManifest.xml:37:44-84
	android:theme
		ADDED from src\main\AndroidManifest.xml:38:13-60
	android:name
		ADDED from src\main\AndroidManifest.xml:37:19-43
intent-filter#action:name:android.intent.action.MAIN+category:name:android.intent.category.LAUNCHER
ADDED from src\main\AndroidManifest.xml:39:13-42:29
action#android.intent.action.MAIN
ADDED from src\main\AndroidManifest.xml:40:17-69
	android:name
		ADDED from src\main\AndroidManifest.xml:40:25-66
category#android.intent.category.LAUNCHER
ADDED from src\main\AndroidManifest.xml:41:17-77
	android:name
		ADDED from src\main\AndroidManifest.xml:41:27-74
intent-filter#action:name:android.intent.action.EDIT+action:name:android.intent.action.PICK+action:name:android.intent.action.VIEW+category:name:android.intent.category.DEFAULT+data:mimeType:vnd.android.cursor.dir/vnd.google.note
ADDED from src\main\AndroidManifest.xml:43:13-50:29
	android:scheme
		ADDED from src\main\AndroidManifest.xml:43:28-49
	tools:ignore
		ADDED from src\main\AndroidManifest.xml:44:17-47
action#android.intent.action.VIEW
ADDED from src\main\AndroidManifest.xml:45:17-69
	android:name
		ADDED from src\main\AndroidManifest.xml:45:25-66
action#android.intent.action.EDIT
ADDED from src\main\AndroidManifest.xml:46:17-69
	android:name
		ADDED from src\main\AndroidManifest.xml:46:25-66
action#android.intent.action.PICK
ADDED from src\main\AndroidManifest.xml:47:17-69
	android:name
		ADDED from src\main\AndroidManifest.xml:47:25-66
category#android.intent.category.DEFAULT
ADDED from src\main\AndroidManifest.xml:48:17-76
	android:name
		ADDED from src\main\AndroidManifest.xml:48:27-73
data
ADDED from src\main\AndroidManifest.xml:49:17-83
	android:mimeType
		ADDED from src\main\AndroidManifest.xml:49:23-80
intent-filter#action:name:android.intent.action.GET_CONTENT+category:name:android.intent.category.DEFAULT+data:mimeType:vnd.android.cursor.item/vnd.google.note
ADDED from src\main\AndroidManifest.xml:51:13-55:29
action#android.intent.action.GET_CONTENT
ADDED from src\main\AndroidManifest.xml:52:17-76
	android:name
		ADDED from src\main\AndroidManifest.xml:52:25-73
activity#com.example.android.notepad.NoteEditor
ADDED from src\main\AndroidManifest.xml:58:9-85:20
	android:screenOrientation
		ADDED from src\main\AndroidManifest.xml:60:13-47
	android:configChanges
		ADDED from src\main\AndroidManifest.xml:61:13-63
	android:theme
		ADDED from src\main\AndroidManifest.xml:59:13-60
	android:name
		ADDED from src\main\AndroidManifest.xml:58:19-45
intent-filter#action:name:android.intent.action.EDIT+action:name:android.intent.action.VIEW+action:name:com.android.notepad.action.EDIT_NOTE+category:name:android.intent.category.DEFAULT+data:mimeType:vnd.android.cursor.item/vnd.google.note
ADDED from src\main\AndroidManifest.xml:65:13-73:29
	android:label
		ADDED from src\main\AndroidManifest.xml:65:28-64
	android:scheme
		ADDED from src\main\AndroidManifest.xml:66:17-38
	tools:ignore
		ADDED from src\main\AndroidManifest.xml:67:17-47
action#com.android.notepad.action.EDIT_NOTE
ADDED from src\main\AndroidManifest.xml:70:17-79
	android:name
		ADDED from src\main\AndroidManifest.xml:70:25-76
intent-filter#action:name:android.intent.action.INSERT+action:name:android.intent.action.PASTE+category:name:android.intent.category.DEFAULT+data:mimeType:vnd.android.cursor.dir/vnd.google.note
ADDED from src\main\AndroidManifest.xml:79:13-84:29
action#android.intent.action.INSERT
ADDED from src\main\AndroidManifest.xml:80:17-71
	android:name
		ADDED from src\main\AndroidManifest.xml:80:25-68
action#android.intent.action.PASTE
ADDED from src\main\AndroidManifest.xml:81:17-70
	android:name
		ADDED from src\main\AndroidManifest.xml:81:25-67
activity#com.example.android.notepad.TitleEditor
ADDED from src\main\AndroidManifest.xml:87:9-112:20
	android:label
		ADDED from src\main\AndroidManifest.xml:88:13-53
	android:windowSoftInputMode
		ADDED from src\main\AndroidManifest.xml:91:13-55
	android:icon
		ADDED from src\main\AndroidManifest.xml:89:13-50
	android:theme
		ADDED from src\main\AndroidManifest.xml:90:13-61
	android:name
		ADDED from src\main\AndroidManifest.xml:87:19-45
intent-filter#action:name:com.android.notepad.action.EDIT_TITLE+category:name:android.intent.category.ALTERNATIVE+category:name:android.intent.category.DEFAULT+category:name:android.intent.category.SELECTED_ALTERNATIVE+data:mimeType:vnd.android.cursor.item/vnd.google.note
ADDED from src\main\AndroidManifest.xml:96:13-111:29
	android:label
		ADDED from src\main\AndroidManifest.xml:96:28-65
action#com.android.notepad.action.EDIT_TITLE
ADDED from src\main\AndroidManifest.xml:100:17-80
	android:name
		ADDED from src\main\AndroidManifest.xml:100:25-77
category#android.intent.category.ALTERNATIVE
ADDED from src\main\AndroidManifest.xml:105:17-80
	android:name
		ADDED from src\main\AndroidManifest.xml:105:27-77
category#android.intent.category.SELECTED_ALTERNATIVE
ADDED from src\main\AndroidManifest.xml:108:17-89
	android:name
		ADDED from src\main\AndroidManifest.xml:108:27-86
activity#com.example.android.notepad.NotesLiveFolder
ADDED from src\main\AndroidManifest.xml:114:9-120:20
	android:label
		ADDED from src\main\AndroidManifest.xml:114:50-90
	android:icon
		ADDED from src\main\AndroidManifest.xml:115:13-55
	android:name
		ADDED from src\main\AndroidManifest.xml:114:19-49
intent-filter#action:name:android.intent.action.CREATE_LIVE_FOLDER+category:name:android.intent.category.DEFAULT
ADDED from src\main\AndroidManifest.xml:116:13-119:29
action#android.intent.action.CREATE_LIVE_FOLDER
ADDED from src\main\AndroidManifest.xml:117:17-83
	android:name
		ADDED from src\main\AndroidManifest.xml:117:25-80
activity#com.example.android.notepad.NoteSearch
ADDED from src\main\AndroidManifest.xml:122:9-127:20
	android:label
		ADDED from src\main\AndroidManifest.xml:124:13-47
	android:theme
		ADDED from src\main\AndroidManifest.xml:125:13-60
	android:name
		ADDED from src\main\AndroidManifest.xml:123:13-38
activity#com.example.android.notepad.NoteExport
ADDED from src\main\AndroidManifest.xml:129:9-133:20
	android:label
		ADDED from src\main\AndroidManifest.xml:130:13-40
	android:windowSoftInputMode
		ADDED from src\main\AndroidManifest.xml:132:13-55
	android:theme
		ADDED from src\main\AndroidManifest.xml:131:13-61
	android:name
		ADDED from src\main\AndroidManifest.xml:129:19-45
activity#com.example.android.notepad.NoteColor
ADDED from src\main\AndroidManifest.xml:135:9-138:57
	android:label
		ADDED from src\main\AndroidManifest.xml:137:13-52
	android:windowSoftInputMode
		ADDED from src\main\AndroidManifest.xml:138:13-55
	android:theme
		ADDED from src\main\AndroidManifest.xml:136:13-67
	android:name
		ADDED from src\main\AndroidManifest.xml:135:19-43
uses-permission#android.permission.MOUNT_UNMOUNT_FILESYSTEMS
ADDED from src\main\AndroidManifest.xml:143:5-144:47
	tools:ignore
		ADDED from src\main\AndroidManifest.xml:144:9-44
	android:name
		ADDED from src\main\AndroidManifest.xml:143:22-81
uses-permission#android.permission.WRITE_EXTERNAL_STORAGE
ADDED from src\main\AndroidManifest.xml:146:5-80
	android:name
		ADDED from src\main\AndroidManifest.xml:146:22-78